time="2023-12-15T15:17:38+01:00" level=info msg="Normal line"
time="2023-12-15T15:17:38+01:00" level=info msg="✅  Success line"
time="2023-12-15T15:17:38+01:00" level=info msg="⚠️ Warning line"
time="2023-12-15T15:17:38+01:00" level=info msg="❌  Error line"
time="2023-12-15T15:17:38+01:00" level=info msg="ℹ️ Info line"
time="2023-12-15T15:17:38+01:00" level=info msg="ℹ️ xx"
time="2023-12-15T15:17:38+01:00" level=info msg="errortextInfo linesuccesstext"
time="2023-12-15T15:19:24+01:00" level=info msg="Normal line"
time="2023-12-15T15:19:24+01:00" level=info msg="✅  Success line"
time="2023-12-15T15:19:24+01:00" level=info msg="⚠️ Warning line"
time="2023-12-15T15:19:24+01:00" level=info msg="❌  Error line"
time="2023-12-15T15:19:24+01:00" level=info msg="ℹ️ Info line"
time="2023-12-15T15:19:24+01:00" level=info msg="errortextInfo linesuccesstext"
time="2023-12-15T15:19:45+01:00" level=info msg="Normal line"
time="2023-12-15T15:19:45+01:00" level=info msg="✅  Success line"
time="2023-12-15T15:19:45+01:00" level=info msg="⚠️ Warning line"
time="2023-12-15T15:19:45+01:00" level=info msg="❌  Error line"
time="2023-12-15T15:19:45+01:00" level=info msg="ℹ️ Info line"
time="2023-12-15T15:19:45+01:00" level=info msg="errortextInfo linesuccesstext"
time="2023-12-15T19:56:12+01:00" level=info msg="Normal line"
time="2023-12-15T19:56:12+01:00" level=info msg="✅  Success line"
time="2023-12-15T19:56:12+01:00" level=info msg="⚠️ Warning line"
time="2023-12-15T19:56:12+01:00" level=error msg="❌  Error line"
time="2023-12-15T19:56:12+01:00" level=info msg="ℹ️ Info line"
time="2023-12-15T19:56:12+01:00" level=info msg="errortextInfo linesuccesstext"
time="2023-12-15T19:56:58+01:00" level=info msg="[Done]"
time="2023-12-15T19:58:52+01:00" level=info msg=Done
time="2023-12-15T20:44:41+01:00" level=info msg="\x1b[38;5;47mFinished \x1b[0msome action name"
time="2023-12-15T20:44:47+01:00" level=info msg="\x1b[38;5;47mFinished \x1b[0msome action name"
time="2023-12-15T20:45:24+01:00" level=info msg="✅ \x1b[38;5;47mFinished \x1b[0msome action name"
time="2023-12-15T20:45:53+01:00" level=info msg="✅ \x1b[38;5;47mFinished \x1b[0msome action name"
time="2023-12-15T20:45:57+01:00" level=info msg="✅ \x1b[38;5;47mFinished \x1b[0msome action name"
time="2023-12-15T20:56:12+01:00" level=info msg="Normal line"
time="2023-12-15T20:56:12+01:00" level=info msg="✅  Success line"
time="2023-12-15T20:56:12+01:00" level=warning msg="⚠️ Warning line"
time="2023-12-15T20:56:12+01:00" level=error msg="❌  Error line"
time="2023-12-15T20:56:12+01:00" level=info msg="ℹ️ Info line"
time="2023-12-15T20:56:12+01:00" level=info msg="errortextInfo linesuccesstext"
time="2023-12-15T20:56:16+01:00" level=info msg="❔  selected: lorem"
time="2023-12-15T20:56:16+01:00" level=info msg="printing table"
time="2023-12-15T20:56:18+01:00" level=info msg="✅ \x1b[38;5;47mFinished \x1b[0msome action name"
time="2023-12-15T20:56:20+01:00" level=info msg="✅  Downloading something"
time="2023-12-15T20:58:57+01:00" level=info msg="Normal line"
time="2023-12-15T20:58:57+01:00" level=info msg="✅  Success line"
time="2023-12-15T20:58:57+01:00" level=warning msg="⚠️ Warning line"
time="2023-12-15T20:58:57+01:00" level=error msg="❌  Error line"
time="2023-12-15T20:58:57+01:00" level=info msg="ℹ️ Info line"
time="2023-12-15T20:58:57+01:00" level=info msg="errortextInfo linesuccesstext"
time="2023-12-15T20:59:01+01:00" level=info msg="❔  selected: lorem"
time="2023-12-15T20:59:01+01:00" level=info msg="printing table"
time="2023-12-15T20:59:03+01:00" level=info msg="✅ \x1b[38;5;47mFinished \x1b[0msome action name"
time="2023-12-15T20:59:05+01:00" level=info msg="✅  Downloading something"
time="2023-12-16T21:21:30+01:00" level=info msg="✅  Downloading something"
time="2023-12-16T21:21:35+01:00" level=info msg="✅  Downloading something"
